#-----------------------------------------------------------
# Vivado v2020.2 (64-bit)
# SW Build 3064766 on Wed Nov 18 09:12:45 MST 2020
# IP Build 3064653 on Wed Nov 18 14:17:31 MST 2020
# Start of session at: Fri Oct  6 20:08:53 2023
# Process ID: 10968
# Current directory: D:/Github/FPGA-HDMI-Colorbor/hdmi_colorbar/prj
# Command line: vivado.exe -gui_launcher_event rodinguilauncherevent19704 D:\Github\FPGA-HDMI-Colorbor\hdmi_colorbar\prj\hdmi_color.xpr
# Log file: D:/Github/FPGA-HDMI-Colorbor/hdmi_colorbar/prj/vivado.log
# Journal file: D:/Github/FPGA-HDMI-Colorbor/hdmi_colorbar/prj\vivado.jou
#-----------------------------------------------------------
start_gui
open_project D:/Github/FPGA-HDMI-Colorbor/hdmi_colorbar/prj/hdmi_color.xpr
INFO: [Project 1-313] Project file moved from 'E:/FPGA/wang/7020/13_hdmi_colorbar/prj' since last save.
Scanning sources...
Finished scanning sources
INFO: [IP_Flow 19-234] Refreshing IP repositories
INFO: [IP_Flow 19-1704] No user IP repositories specified
INFO: [IP_Flow 19-2313] Loaded Vivado IP repository 'C:/Xilinx/Vivado/2020.2/data/ip'.
open_project: Time (s): cpu = 00:00:02 ; elapsed = 00:00:05 . Memory (MB): peak = 1115.449 ; gain = 0.000
update_compile_order -fileset sources_1
exit
INFO: [Common 17-206] Exiting Vivado at Fri Oct  6 21:07:13 2023...
